{"/Users/Vinicius/FIAP/fiap-application-security/lab2-sonarqube-lgtm/src/app.js": {"path":"/Users/Vinicius/FIAP/fiap-application-security/lab2-sonarqube-lgtm/src/app.js","statementMap":{"0":{"start":{"line":1,"column":16},"end":{"line":1,"column":34}},"1":{"start":{"line":2,"column":12},"end":{"line":2,"column":21}},"2":{"start":{"line":3,"column":13},"end":{"line":3,"column":17}},"3":{"start":{"line":4,"column":11},"end":{"line":4,"column":26}},"4":{"start":{"line":6,"column":0},"end":{"line":8,"column":3}},"5":{"start":{"line":7,"column":2},"end":{"line":7,"column":50}},"6":{"start":{"line":10,"column":0},"end":{"line":17,"column":3}},"7":{"start":{"line":11,"column":16},"end":{"line":11,"column":78}},"8":{"start":{"line":12,"column":2},"end":{"line":16,"column":3}},"9":{"start":{"line":13,"column":4},"end":{"line":13,"column":30}},"10":{"start":{"line":15,"column":4},"end":{"line":15,"column":35}},"11":{"start":{"line":19,"column":13},"end":{"line":21,"column":2}},"12":{"start":{"line":20,"column":2},"end":{"line":20,"column":66}},"13":{"start":{"line":23,"column":0},"end":{"line":23,"column":25}}},"fnMap":{"0":{"name":"(anonymous_0)","decl":{"start":{"line":6,"column":13},"end":{"line":6,"column":14}},"loc":{"start":{"line":6,"column":27},"end":{"line":8,"column":1}},"line":6},"1":{"name":"(anonymous_1)","decl":{"start":{"line":10,"column":17},"end":{"line":10,"column":18}},"loc":{"start":{"line":10,"column":43},"end":{"line":17,"column":1}},"line":10},"2":{"name":"(anonymous_2)","decl":{"start":{"line":19,"column":30},"end":{"line":19,"column":31}},"loc":{"start":{"line":19,"column":36},"end":{"line":21,"column":1}},"line":19}},"branchMap":{"0":{"loc":{"start":{"line":12,"column":2},"end":{"line":16,"column":3}},"type":"if","locations":[{"start":{"line":12,"column":2},"end":{"line":16,"column":3}},{"start":{"line":14,"column":7},"end":{"line":16,"column":3}}],"line":12}},"s":{"0":1,"1":1,"2":1,"3":1,"4":1,"5":1,"6":1,"7":0,"8":0,"9":0,"10":0,"11":1,"12":1,"13":1},"f":{"0":1,"1":0,"2":1},"b":{"0":[0,0]},"_coverageSchema":"1a1c01bbd47fc00a2c39e90264f33305004495a9","hash":"d28c1e0a0d84f5765e9bbaf9d219ea56cf34fd52"}
,"/Users/Vinicius/FIAP/fiap-application-security/lab2-sonarqube-lgtm/src/db.js": {"path":"/Users/Vinicius/FIAP/fiap-application-security/lab2-sonarqube-lgtm/src/db.js","statementMap":{"0":{"start":{"line":2,"column":4},"end":{"line":3,"column":33}},"1":{"start":{"line":3,"column":8},"end":{"line":3,"column":33}},"2":{"start":{"line":5,"column":18},"end":{"line":5,"column":43}},"3":{"start":{"line":6,"column":23},"end":{"line":12,"column":9}},"4":{"start":{"line":13,"column":4},"end":{"line":13,"column":38}},"5":{"start":{"line":14,"column":4},"end":{"line":14,"column":35}},"6":{"start":{"line":15,"column":4},"end":{"line":15,"column":22}},"7":{"start":{"line":19,"column":17},"end":{"line":19,"column":32}},"8":{"start":{"line":21,"column":18},"end":{"line":21,"column":92}},"9":{"start":{"line":22,"column":4},"end":{"line":22,"column":46}},"10":{"start":{"line":23,"column":19},"end":{"line":23,"column":42}},"11":{"start":{"line":24,"column":4},"end":{"line":24,"column":16}},"12":{"start":{"line":27,"column":0},"end":{"line":27,"column":36}}},"fnMap":{"0":{"name":"connect","decl":{"start":{"line":1,"column":15},"end":{"line":1,"column":22}},"loc":{"start":{"line":1,"column":24},"end":{"line":16,"column":1}},"line":1},"1":{"name":"selectUserByLogin","decl":{"start":{"line":18,"column":15},"end":{"line":18,"column":32}},"loc":{"start":{"line":18,"column":48},"end":{"line":25,"column":1}},"line":18}},"branchMap":{"0":{"loc":{"start":{"line":2,"column":4},"end":{"line":3,"column":33}},"type":"if","locations":[{"start":{"line":2,"column":4},"end":{"line":3,"column":33}},{"start":{},"end":{}}],"line":2},"1":{"loc":{"start":{"line":2,"column":7},"end":{"line":2,"column":70}},"type":"binary-expr","locations":[{"start":{"line":2,"column":7},"end":{"line":2,"column":24}},{"start":{"line":2,"column":28},"end":{"line":2,"column":70}}],"line":2},"2":{"loc":{"start":{"line":7,"column":14},"end":{"line":7,"column":48}},"type":"binary-expr","locations":[{"start":{"line":7,"column":14},"end":{"line":7,"column":33}},{"start":{"line":7,"column":37},"end":{"line":7,"column":48}}],"line":7}},"s":{"0":0,"1":0,"2":0,"3":0,"4":0,"5":0,"6":0,"7":0,"8":0,"9":0,"10":0,"11":0,"12":1},"f":{"0":0,"1":0},"b":{"0":[0,0],"1":[0,0],"2":[0,0]},"_coverageSchema":"1a1c01bbd47fc00a2c39e90264f33305004495a9","hash":"3f3d93d5d455810fa791537b069c214836942f40"}
}
